\BOOKMARK [1][-]{section.1}{Premessa}{}% 1
\BOOKMARK [1][-]{section.2}{Descrizione del progetto}{}% 2
\BOOKMARK [1][-]{section.3}{syscall.inc}{}% 3
\BOOKMARK [1][-]{section.4}{main.s}{}% 4
\BOOKMARK [2][-]{subsection.4.1}{Flowchart}{section.4}% 5
\BOOKMARK [2][-]{subsection.4.2}{Variabili Globali}{section.4}% 6
\BOOKMARK [2][-]{subsection.4.3}{Variabili Locali}{section.4}% 7
\BOOKMARK [2][-]{subsection.4.4}{Funzioni ed Etichette}{section.4}% 8
\BOOKMARK [1][-]{section.5}{open\137files.s}{}% 9
\BOOKMARK [2][-]{subsection.5.1}{Variabili Locali}{section.5}% 10
\BOOKMARK [2][-]{subsection.5.2}{Funzioni ed Etichette}{section.5}% 11
\BOOKMARK [1][-]{section.6}{read\137line.s}{}% 12
\BOOKMARK [2][-]{subsection.6.1}{Variabili Locali}{section.6}% 13
\BOOKMARK [2][-]{subsection.6.2}{Funzioni ed Etichette}{section.6}% 14
\BOOKMARK [1][-]{section.7}{atoi.s}{}% 15
\BOOKMARK [2][-]{subsection.7.1}{Funzioni ed Etichette}{section.7}% 16
\BOOKMARK [1][-]{section.8}{check.s}{}% 17
\BOOKMARK [2][-]{subsection.8.1}{Funzioni ed Etichette}{section.8}% 18
\BOOKMARK [1][-]{section.9}{write\137line.s}{}% 19
\BOOKMARK [2][-]{subsection.9.1}{Variabili Locali}{section.9}% 20
\BOOKMARK [2][-]{subsection.9.2}{Funzioni ed Etichette}{section.9}% 21
\BOOKMARK [1][-]{section.10}{itoa.s}{}% 22
\BOOKMARK [2][-]{subsection.10.1}{Funzioni ed Etichette}{section.10}% 23
\BOOKMARK [1][-]{section.11}{close\137files.s}{}% 24
\BOOKMARK [1][-]{section.12}{Codice}{}% 25
\BOOKMARK [2][-]{subsection.12.1}{syscall.inc}{section.12}% 26
\BOOKMARK [2][-]{subsection.12.2}{main.s}{section.12}% 27
\BOOKMARK [2][-]{subsection.12.3}{open\137files.s}{section.12}% 28
\BOOKMARK [2][-]{subsection.12.4}{read\137line.s}{section.12}% 29
\BOOKMARK [2][-]{subsection.12.5}{atoi.s}{section.12}% 30
\BOOKMARK [2][-]{subsection.12.6}{check.s}{section.12}% 31
\BOOKMARK [2][-]{subsection.12.7}{write\137line.s}{section.12}% 32
\BOOKMARK [2][-]{subsection.12.8}{itoa.s}{section.12}% 33
\BOOKMARK [2][-]{subsection.12.9}{close\137files.s}{section.12}% 34
